Arguments: 
  /Users/eidos/.nvm/versions/node/v20.4.0/bin/node /opt/homebrew/Cellar/yarn/1.22.19/libexec/bin/yarn.js

PATH: 
  /Users/eidos/.nvm/versions/node/v20.4.0/bin:/opt/homebrew/bin:/opt/homebrew/sbin:/usr/local/bin:/System/Cryptexes/App/usr/bin:/usr/bin:/bin:/usr/sbin:/sbin:/Library/Apple/usr/bin:/Users/eidos/.nvm/versions/node/v20.4.0/bin:/opt/homebrew/bin:/opt/homebrew/sbin:/Users/eidos/.sdkman/candidates/maven/current/bin:/Users/eidos/.sdkman/candidates/java/current/bin:/Users/eidos/.sdkman/candidates/gradle/current/bin:/Users/eidos/.cargo/bin:/Users/eidos/.flutter/bin:/Users/eidos/.ghcup/bin:/Users/eidos/Library/Android/sdk/emulator:/Users/eidos/Library/Android/sdk/platform-tools:/Users/eidos/Library/Android/sdk/emulator:/Users/eidos/Library/Android/sdk/platform-tools

Yarn version: 
  1.22.19

Node version: 
  20.4.0

Platform: 
  darwin arm64

Trace: 
  TypeError: Cannot read properties of undefined (reading 'split')
      at Git.<anonymous> (/opt/homebrew/Cellar/yarn/1.22.19/libexec/lib/cli.js:51184:41)
      at Generator.next (<anonymous>)
      at step (/opt/homebrew/Cellar/yarn/1.22.19/libexec/lib/cli.js:310:30)
      at /opt/homebrew/Cellar/yarn/1.22.19/libexec/lib/cli.js:321:13
      at process.processTicksAndRejections (node:internal/process/task_queues:95:5)

npm manifest: 
  {
    "name": "the-real-doctest",
    "version": "1.0.0",
    "description": "Run TSDoc examples",
    "repository": "https://gitlab.com/kanso-team/the-real-doctest",
    "author": "Diego Imbert",
    "license": "MIT",
    "dependencies": {
      "the-real-doctest": "git+https://gitlab.com/kanso-team/the-real-doctest"
    }
  }

yarn manifest: 
  No manifest

Lockfile: 
  No lockfile
